TN:
SF:/Users/shane/work/iaux/packages/mobile-top-nav/src/login-button.js
FN:6,(anonymous_0)
FN:18,(anonymous_1)
FN:24,(anonymous_2)
FN:29,(anonymous_3)
FN:33,(anonymous_4)
FN:37,(anonymous_5)
FNF:6
FNH:6
FNDA:1,(anonymous_0)
FNDA:1,(anonymous_1)
FNDA:10,(anonymous_2)
FNDA:10,(anonymous_3)
FNDA:10,(anonymous_4)
FNDA:10,(anonymous_5)
DA:7,1
DA:19,1
DA:25,10
DA:26,10
DA:30,10
DA:34,10
DA:38,10
DA:46,1
LF:8
LH:8
BRF:0
BRH:0
end_of_record
TN:
SF:/Users/shane/work/iaux/packages/mobile-top-nav/src/media-button.js
FN:7,(anonymous_0)
FN:63,(anonymous_1)
FN:74,(anonymous_2)
FN:78,(anonymous_3)
FN:88,(anonymous_4)
FN:97,(anonymous_5)
FN:101,(anonymous_6)
FN:105,(anonymous_7)
FN:109,(anonymous_8)
FN:118,(anonymous_9)
FN:131,(anonymous_10)
FN:143,(anonymous_11)
FNF:12
FNH:12
FNDA:1,(anonymous_0)
FNDA:1,(anonymous_1)
FNDA:138,(anonymous_2)
FNDA:137,(anonymous_3)
FNDA:1,(anonymous_4)
FNDA:138,(anonymous_5)
FNDA:138,(anonymous_6)
FNDA:138,(anonymous_7)
FNDA:138,(anonymous_8)
FNDA:17,(anonymous_9)
FNDA:121,(anonymous_10)
FNDA:138,(anonymous_11)
DA:8,1
DA:64,1
DA:75,138
DA:79,137
DA:80,137
DA:81,137
DA:82,137
DA:83,137
DA:84,137
DA:85,137
DA:89,1
DA:90,1
DA:98,138
DA:102,138
DA:106,138
DA:110,138
DA:119,17
DA:132,121
DA:144,138
DA:148,1
LF:20
LH:20
BRDA:98,0,0,1
BRDA:98,0,1,137
BRDA:102,1,0,1
BRDA:102,1,1,137
BRDA:144,2,0,17
BRDA:144,2,1,121
BRF:6
BRH:6
end_of_record
TN:
SF:/Users/shane/work/iaux/packages/mobile-top-nav/src/media-menu.js
FN:51,(anonymous_0)
FN:83,(anonymous_1)
FN:94,(anonymous_2)
FN:102,(anonymous_3)
FN:115,(anonymous_4)
FN:121,(anonymous_5)
FN:128,(anonymous_6)
FN:141,(anonymous_7)
FN:142,(anonymous_8)
FN:164,(anonymous_9)
FNF:10
FNH:10
FNDA:1,(anonymous_0)
FNDA:1,(anonymous_1)
FNDA:17,(anonymous_2)
FNDA:31,(anonymous_3)
FNDA:2,(anonymous_4)
FNDA:2,(anonymous_5)
FNDA:2,(anonymous_6)
FNDA:31,(anonymous_7)
FNDA:248,(anonymous_8)
FNDA:31,(anonymous_9)
DA:6,1
DA:52,1
DA:84,1
DA:95,17
DA:96,17
DA:97,17
DA:98,17
DA:99,17
DA:103,31
DA:104,31
DA:108,31
DA:109,1
DA:110,1
DA:111,1
DA:116,2
DA:117,2
DA:118,2
DA:122,2
DA:123,2
DA:124,2
DA:129,2
DA:130,2
DA:132,2
DA:133,1
DA:134,1
DA:137,1
DA:138,1
DA:142,31
DA:148,248
DA:149,248
DA:161,31
DA:165,31
DA:166,31
DA:167,5
DA:169,31
DA:170,1
DA:172,31
DA:173,31
DA:175,31
DA:195,1
LF:40
LH:40
BRDA:104,0,0,31
BRDA:104,0,1,6
BRDA:104,0,2,2
BRDA:108,1,0,1
BRDA:108,1,1,30
BRDA:108,2,0,31
BRDA:108,2,1,2
BRDA:122,3,0,2
BRDA:122,3,1,0
BRDA:132,4,0,1
BRDA:132,4,1,1
BRDA:166,5,0,5
BRDA:166,5,1,26
BRDA:169,6,0,1
BRDA:169,6,1,30
BRDA:169,7,0,31
BRDA:169,7,1,26
BRF:17
BRH:16
end_of_record
TN:
SF:/Users/shane/work/iaux/packages/mobile-top-nav/src/media-slider.js
FN:5,(anonymous_0)
FN:53,(anonymous_1)
FN:62,(anonymous_2)
FN:71,(anonymous_3)
FN:79,(anonymous_4)
FNF:5
FNH:5
FNDA:1,(anonymous_0)
FNDA:1,(anonymous_1)
FNDA:21,(anonymous_2)
FNDA:29,(anonymous_3)
FNDA:29,(anonymous_4)
DA:6,1
DA:54,1
DA:63,21
DA:65,21
DA:66,21
DA:67,21
DA:68,21
DA:72,29
DA:74,29
DA:75,8
DA:76,8
DA:80,29
DA:82,29
DA:83,3
DA:86,29
DA:87,2
DA:90,29
DA:100,1
LF:18
LH:18
BRDA:74,0,0,21
BRDA:74,0,1,8
BRDA:82,1,0,3
BRDA:82,1,1,26
BRDA:86,2,0,2
BRDA:86,2,1,27
BRDA:86,3,0,29
BRDA:86,3,1,26
BRF:8
BRH:8
end_of_record
TN:
SF:/Users/shane/work/iaux/packages/mobile-top-nav/src/media-subnav.js
FN:10,(anonymous_0)
FN:65,(anonymous_1)
FN:72,(anonymous_2)
FN:81,(anonymous_3)
FN:84,(anonymous_4)
FN:88,(anonymous_5)
FN:95,(anonymous_6)
FN:99,(anonymous_7)
FN:103,(anonymous_8)
FN:104,(anonymous_9)
FN:111,(anonymous_10)
FN:112,(anonymous_11)
FN:119,(anonymous_12)
FNF:13
FNH:13
FNDA:1,(anonymous_0)
FNDA:1,(anonymous_1)
FNDA:21,(anonymous_2)
FNDA:1,(anonymous_3)
FNDA:1,(anonymous_4)
FNDA:26,(anonymous_5)
FNDA:21,(anonymous_6)
FNDA:44,(anonymous_7)
FNDA:5,(anonymous_8)
FNDA:4,(anonymous_9)
FNDA:10,(anonymous_10)
FNDA:40,(anonymous_11)
FNDA:26,(anonymous_12)
DA:11,1
DA:66,1
DA:73,21
DA:75,21
DA:76,21
DA:79,21
DA:80,21
DA:82,1
DA:84,1
DA:89,26
DA:90,3
DA:92,26
DA:96,21
DA:100,44
DA:104,5
DA:105,4
DA:112,10
DA:113,40
DA:120,26
DA:122,26
DA:123,19
DA:126,7
DA:127,2
DA:130,5
DA:146,1
LF:25
LH:25
BRDA:89,0,0,3
BRDA:89,0,1,23
BRDA:122,1,0,19
BRDA:122,1,1,7
BRDA:126,2,0,2
BRDA:126,2,1,5
BRF:6
BRH:6
end_of_record
TN:
SF:/Users/shane/work/iaux/packages/mobile-top-nav/src/mobile-nav.js
FN:10,(anonymous_0)
FN:83,(anonymous_1)
FN:92,(anonymous_2)
FN:100,(anonymous_3)
FN:108,(anonymous_4)
FN:116,(anonymous_5)
FN:124,(anonymous_6)
FN:132,(anonymous_7)
FN:136,(anonymous_8)
FNF:9
FNH:9
FNDA:1,(anonymous_0)
FNDA:1,(anonymous_1)
FNDA:14,(anonymous_2)
FNDA:2,(anonymous_3)
FNDA:1,(anonymous_4)
FNDA:1,(anonymous_5)
FNDA:4,(anonymous_6)
FNDA:16,(anonymous_7)
FNDA:20,(anonymous_8)
DA:11,1
DA:84,1
DA:93,14
DA:94,14
DA:95,14
DA:96,14
DA:97,14
DA:101,2
DA:102,2
DA:109,1
DA:110,1
DA:117,1
DA:118,1
DA:125,4
DA:127,4
DA:133,16
DA:137,20
DA:155,1
LF:18
LH:18
BRDA:125,0,0,0
BRDA:125,0,1,4
BRDA:148,1,0,4
BRDA:148,1,1,16
BRF:4
BRH:3
end_of_record
TN:
SF:/Users/shane/work/iaux/packages/mobile-top-nav/src/more-slider.js
FN:7,(anonymous_0)
FN:13,(anonymous_1)
FN:17,(anonymous_2)
FN:33,(anonymous_3)
FN:37,(anonymous_4)
FN:41,(anonymous_5)
FN:44,(anonymous_6)
FNF:7
FNH:7
FNDA:1,(anonymous_0)
FNDA:2,(anonymous_1)
FNDA:1,(anonymous_2)
FNDA:1,(anonymous_3)
FNDA:16,(anonymous_4)
FNDA:2,(anonymous_5)
FNDA:16,(anonymous_6)
DA:8,1
DA:14,2
DA:18,1
DA:34,1
DA:38,16
DA:42,2
DA:44,16
DA:50,1
LF:8
LH:8
BRF:0
BRH:0
end_of_record
TN:
SF:/Users/shane/work/iaux/packages/mobile-top-nav/src/nav-search.js
FN:5,(anonymous_0)
FN:87,(anonymous_1)
FN:94,(anonymous_2)
FN:100,(anonymous_3)
FN:112,(anonymous_4)
FNF:5
FNH:5
FNDA:1,(anonymous_0)
FNDA:1,(anonymous_1)
FNDA:16,(anonymous_2)
FNDA:2,(anonymous_3)
FNDA:19,(anonymous_4)
DA:6,1
DA:88,1
DA:95,16
DA:96,16
DA:97,16
DA:101,2
DA:102,2
DA:113,19
DA:115,19
DA:132,1
LF:10
LH:10
BRDA:113,0,0,2
BRDA:113,0,1,17
BRF:2
BRH:2
end_of_record
TN:
SF:/Users/shane/work/iaux/packages/mobile-top-nav/src/search-menu.js
FN:5,(anonymous_0)
FN:52,(anonymous_1)
FN:61,(anonymous_2)
FN:69,(anonymous_3)
FN:73,(anonymous_4)
FN:92,(anonymous_5)
FN:104,(anonymous_6)
FNF:7
FNH:7
FNDA:1,(anonymous_0)
FNDA:1,(anonymous_1)
FNDA:12,(anonymous_2)
FNDA:1,(anonymous_3)
FNDA:17,(anonymous_4)
FNDA:68,(anonymous_5)
FNDA:17,(anonymous_6)
DA:6,1
DA:53,1
DA:62,12
DA:63,12
DA:64,12
DA:65,12
DA:66,12
DA:70,1
DA:74,17
DA:93,68
DA:101,17
DA:105,17
DA:106,17
DA:107,2
DA:109,17
DA:110,1
DA:113,17
DA:114,17
DA:116,17
DA:129,1
LF:20
LH:20
BRDA:106,0,0,2
BRDA:106,0,1,15
BRDA:109,1,0,1
BRDA:109,1,1,16
BRDA:109,2,0,17
BRDA:109,2,1,15
BRF:6
BRH:6
end_of_record
TN:
SF:/Users/shane/work/iaux/packages/mobile-top-nav/src/topnav-element.js
FN:10,(anonymous_0)
FN:47,(anonymous_1)
FN:60,(anonymous_2)
FN:73,(anonymous_3)
FN:80,(anonymous_4)
FN:87,(anonymous_5)
FN:99,(anonymous_6)
FN:106,(anonymous_7)
FN:112,(anonymous_8)
FN:132,(anonymous_9)
FN:140,(anonymous_10)
FN:148,(anonymous_11)
FNF:12
FNH:12
FNDA:1,(anonymous_0)
FNDA:1,(anonymous_1)
FNDA:9,(anonymous_2)
FNDA:2,(anonymous_3)
FNDA:1,(anonymous_4)
FNDA:1,(anonymous_5)
FNDA:1,(anonymous_6)
FNDA:1,(anonymous_7)
FNDA:3,(anonymous_8)
FNDA:1,(anonymous_9)
FNDA:1,(anonymous_10)
FNDA:18,(anonymous_11)
DA:11,1
DA:48,1
DA:61,9
DA:62,9
DA:63,9
DA:64,9
DA:65,9
DA:66,9
DA:67,9
DA:68,9
DA:69,9
DA:70,9
DA:74,2
DA:75,2
DA:76,2
DA:77,2
DA:81,1
DA:82,1
DA:83,1
DA:84,1
DA:85,1
DA:86,1
DA:87,1
DA:88,1
DA:100,1
DA:101,1
DA:102,1
DA:103,1
DA:107,1
DA:108,1
DA:109,1
DA:113,3
DA:114,3
DA:115,3
DA:122,3
DA:123,3
DA:124,2
DA:125,2
DA:126,2
DA:128,1
DA:129,1
DA:133,1
DA:141,1
DA:149,18
DA:150,18
DA:151,18
DA:152,18
DA:154,18
DA:199,1
LF:49
LH:49
BRDA:86,0,0,1
BRDA:86,0,1,0
BRDA:123,1,0,2
BRDA:123,1,1,1
BRDA:149,2,0,2
BRDA:149,2,1,16
BRDA:150,3,0,2
BRDA:150,3,1,16
BRDA:151,4,0,3
BRDA:151,4,1,15
BRDA:152,5,0,18
BRDA:152,5,1,15
BRDA:152,5,2,14
BRDA:194,6,0,5
BRDA:194,6,1,13
BRF:15
BRH:14
end_of_record
TN:
SF:/Users/shane/work/iaux/packages/mobile-top-nav/src/tracked-element.js
FN:4,(anonymous_0)
FN:15,(anonymous_1)
FNF:2
FNH:2
FNDA:5,(anonymous_0)
FNDA:2,(anonymous_1)
DA:5,5
DA:6,5
DA:16,2
DA:17,2
LF:4
LH:4
BRF:0
BRH:0
end_of_record
TN:
SF:/Users/shane/work/iaux/packages/mobile-top-nav/src/user-menu.js
FN:5,(anonymous_0)
FN:56,(anonymous_1)
FN:66,(anonymous_2)
FN:75,(anonymous_3)
FN:76,(anonymous_4)
FN:83,(anonymous_5)
FNF:6
FNH:6
FNDA:1,(anonymous_0)
FNDA:1,(anonymous_1)
FNDA:11,(anonymous_2)
FNDA:21,(anonymous_3)
FNDA:144,(anonymous_4)
FNDA:21,(anonymous_5)
DA:6,1
DA:57,1
DA:67,11
DA:68,11
DA:69,11
DA:70,11
DA:71,11
DA:72,11
DA:76,21
DA:77,144
DA:84,21
DA:86,21
DA:87,2
DA:89,21
DA:90,1
DA:93,21
DA:94,21
DA:96,21
DA:111,1
LF:19
LH:19
BRDA:86,0,0,2
BRDA:86,0,1,19
BRDA:89,1,0,1
BRDA:89,1,1,20
BRDA:89,2,0,21
BRDA:89,2,1,19
BRF:6
BRH:6
end_of_record
TN:
SF:/Users/shane/work/iaux/packages/mobile-top-nav/src/wayback-search.js
FN:6,(anonymous_0)
FN:81,(anonymous_1)
FN:88,(anonymous_2)
FN:91,(anonymous_3)
FN:94,(anonymous_4)
FN:100,(anonymous_5)
FNF:6
FNH:5
FNDA:1,(anonymous_0)
FNDA:1,(anonymous_1)
FNDA:2,(anonymous_2)
FNDA:0,(anonymous_3)
FNDA:1,(anonymous_4)
FNDA:2,(anonymous_5)
DA:7,1
DA:82,1
DA:89,2
DA:90,2
DA:91,2
DA:95,1
DA:96,1
DA:97,1
DA:101,2
DA:131,1
LF:10
LH:10
BRF:0
BRH:0
end_of_record
TN:
SF:/Users/shane/work/iaux/packages/mobile-top-nav/src/assets/img/hamburger.js
FN:6,(anonymous_0)
FN:17,(anonymous_1)
FN:27,(anonymous_2)
FN:31,(anonymous_3)
FNF:4
FNH:4
FNDA:1,(anonymous_0)
FNDA:16,(anonymous_1)
FNDA:4,(anonymous_2)
FNDA:20,(anonymous_3)
DA:7,1
DA:18,16
DA:28,4
DA:32,20
DA:36,1
LF:5
LH:5
BRDA:32,0,0,4
BRDA:32,0,1,16
BRF:2
BRH:2
end_of_record
TN:
SF:/Users/shane/work/iaux/packages/mobile-top-nav/src/assets/img/ia-icon.js
FN:5,(anonymous_0)
FN:10,(anonymous_1)
FN:16,(anonymous_2)
FN:28,(anonymous_3)
FNF:4
FNH:4
FNDA:1,(anonymous_0)
FNDA:1,(anonymous_1)
FNDA:1,(anonymous_2)
FNDA:1,(anonymous_3)
DA:6,1
DA:7,1
DA:11,1
DA:17,1
DA:29,1
DA:33,1
LF:6
LH:6
BRF:0
BRH:0
end_of_record
TN:
SF:/Users/shane/work/iaux/packages/mobile-top-nav/src/assets/img/icon-audio.js
FNF:0
FNH:0
LF:0
LH:0
BRF:0
BRH:0
end_of_record
TN:
SF:/Users/shane/work/iaux/packages/mobile-top-nav/src/assets/img/icon-close.js
FNF:0
FNH:0
LF:0
LH:0
BRF:0
BRH:0
end_of_record
TN:
SF:/Users/shane/work/iaux/packages/mobile-top-nav/src/assets/img/icon-donate.js
FNF:0
FNH:0
LF:0
LH:0
BRF:0
BRH:0
end_of_record
TN:
SF:/Users/shane/work/iaux/packages/mobile-top-nav/src/assets/img/icon-ellipses.js
FNF:0
FNH:0
LF:0
LH:0
BRF:0
BRH:0
end_of_record
TN:
SF:/Users/shane/work/iaux/packages/mobile-top-nav/src/assets/img/icon-ia-logo.js
FNF:0
FNH:0
LF:0
LH:0
BRF:0
BRH:0
end_of_record
TN:
SF:/Users/shane/work/iaux/packages/mobile-top-nav/src/assets/img/icon-images.js
FNF:0
FNH:0
LF:0
LH:0
BRF:0
BRH:0
end_of_record
TN:
SF:/Users/shane/work/iaux/packages/mobile-top-nav/src/assets/img/icon-software.js
FNF:0
FNH:0
LF:0
LH:0
BRF:0
BRH:0
end_of_record
TN:
SF:/Users/shane/work/iaux/packages/mobile-top-nav/src/assets/img/icon-texts.js
FNF:0
FNH:0
LF:0
LH:0
BRF:0
BRH:0
end_of_record
TN:
SF:/Users/shane/work/iaux/packages/mobile-top-nav/src/assets/img/icon-upload.js
FNF:0
FNH:0
LF:0
LH:0
BRF:0
BRH:0
end_of_record
TN:
SF:/Users/shane/work/iaux/packages/mobile-top-nav/src/assets/img/icon-video.js
FNF:0
FNH:0
LF:0
LH:0
BRF:0
BRH:0
end_of_record
TN:
SF:/Users/shane/work/iaux/packages/mobile-top-nav/src/assets/img/icon-web.js
FNF:0
FNH:0
LF:0
LH:0
BRF:0
BRH:0
end_of_record
TN:
SF:/Users/shane/work/iaux/packages/mobile-top-nav/src/assets/img/icon.js
FN:4,(anonymous_0)
FN:10,(anonymous_1)
FNF:2
FNH:2
FNDA:59,(anonymous_0)
FNDA:1,(anonymous_1)
DA:5,59
DA:6,59
DA:7,59
DA:11,1
LF:4
LH:4
BRF:0
BRH:0
end_of_record
TN:
SF:/Users/shane/work/iaux/packages/mobile-top-nav/src/assets/img/icons.js
FNF:0
FNH:0
LF:0
LH:0
BRF:0
BRH:0
end_of_record
TN:
SF:/Users/shane/work/iaux/packages/mobile-top-nav/src/assets/img/search.js
FN:5,(anonymous_0)
FN:11,(anonymous_1)
FN:18,(anonymous_2)
FN:32,(anonymous_3)
FNF:4
FNH:4
FNDA:33,(anonymous_0)
FNDA:1,(anonymous_1)
FNDA:1,(anonymous_2)
FNDA:40,(anonymous_3)
DA:6,33
DA:7,33
DA:8,33
DA:12,1
DA:19,1
DA:33,40
DA:50,1
LF:7
LH:7
BRDA:40,0,0,5
BRDA:40,0,1,35
BRF:2
BRH:2
end_of_record
TN:
SF:/Users/shane/work/iaux/packages/mobile-top-nav/src/assets/img/user.js
FN:5,(anonymous_0)
FN:19,(anonymous_1)
FNF:2
FNH:2
FNDA:1,(anonymous_0)
FNDA:12,(anonymous_1)
DA:6,1
DA:20,12
DA:36,1
LF:3
LH:3
BRDA:30,0,0,1
BRDA:30,0,1,11
BRF:2
BRH:2
end_of_record
TN:
SF:/Users/shane/work/iaux/packages/mobile-top-nav/src/data/menus.js
FN:1,(anonymous_0)
FN:76,(anonymous_1)
FN:151,(anonymous_2)
FN:211,(anonymous_3)
FN:289,(anonymous_4)
FN:331,(anonymous_5)
FN:365,(anonymous_6)
FNF:7
FNH:7
FNDA:4,(anonymous_0)
FNDA:1,(anonymous_1)
FNDA:1,(anonymous_2)
FNDA:1,(anonymous_3)
FNDA:1,(anonymous_4)
FNDA:19,(anonymous_5)
FNDA:4,(anonymous_6)
DA:1,4
DA:76,1
DA:151,1
DA:211,1
DA:289,1
DA:331,19
DA:365,4
LF:7
LH:7
BRF:0
BRH:0
end_of_record
TN:
SF:/Users/shane/work/iaux/packages/mobile-top-nav/src/lib/location-handler.js
FN:1,updateLocation
FNF:1
FNH:0
FNDA:0,updateLocation
DA:2,0
LF:1
LH:0
BRF:0
BRH:0
end_of_record
TN:
SF:/Users/shane/work/iaux/packages/mobile-top-nav/src/lib/toSnakeCase.js
FN:1,(anonymous_0)
FNF:1
FNH:1
FNDA:256,(anonymous_0)
DA:1,1
DA:2,256
DA:3,256
DA:4,256
DA:5,256
LF:5
LH:5
BRDA:5,0,0,58
BRDA:5,0,1,198
BRF:2
BRH:2
end_of_record
